{"/Users/joaobretanha/Documents/workspace/nave-design-system/helpers/testTheme.js": {"path":"/Users/joaobretanha/Documents/workspace/nave-design-system/helpers/testTheme.js","statementMap":{"0":{"start":{"line":9,"column":2},"end":{"line":13,"column":3}}},"fnMap":{"0":{"name":"renderWithTheme","decl":{"start":{"line":8,"column":16},"end":{"line":8,"column":31}},"loc":{"start":{"line":8,"column":43},"end":{"line":14,"column":1}},"line":8}},"branchMap":{},"s":{"0":10},"f":{"0":10},"b":{},"_coverageSchema":"43e27e138ebf9cfc5966b082cf9a028302ed4184","hash":"cd5cb8edf9845ccd401137470bf33ad709d4ae90"}
,"/Users/joaobretanha/Documents/workspace/nave-design-system/src/Button/Button.js": {"path":"/Users/joaobretanha/Documents/workspace/nave-design-system/src/Button/Button.js","statementMap":{"0":{"start":{"line":7,"column":16},"end":{"line":7,"column":25}},"1":{"start":{"line":9,"column":18},"end":{"line":9,"column":29}},"2":{"start":{"line":11,"column":14},"end":{"line":11,"column":21}},"3":{"start":{"line":13,"column":22},"end":{"line":29,"column":1}},"4":{"start":{"line":31,"column":15},"end":{"line":45,"column":1}},"5":{"start":{"line":32,"column":31},"end":{"line":32,"column":36}},"6":{"start":{"line":33,"column":2},"end":{"line":35,"column":3}},"7":{"start":{"line":34,"column":4},"end":{"line":34,"column":38}},"8":{"start":{"line":37,"column":2},"end":{"line":39,"column":3}},"9":{"start":{"line":38,"column":4},"end":{"line":38,"column":40}},"10":{"start":{"line":41,"column":2},"end":{"line":43,"column":3}},"11":{"start":{"line":42,"column":4},"end":{"line":42,"column":36}},"12":{"start":{"line":44,"column":2},"end":{"line":44,"column":36}},"13":{"start":{"line":47,"column":22},"end":{"line":70,"column":1}},"14":{"start":{"line":49,"column":22},"end":{"line":49,"column":27}},"15":{"start":{"line":50,"column":4},"end":{"line":68,"column":5}},"16":{"start":{"line":72,"column":24},"end":{"line":98,"column":1}},"17":{"start":{"line":74,"column":22},"end":{"line":74,"column":27}},"18":{"start":{"line":75,"column":4},"end":{"line":96,"column":5}},"19":{"start":{"line":100,"column":20},"end":{"line":126,"column":1}},"20":{"start":{"line":102,"column":22},"end":{"line":102,"column":27}},"21":{"start":{"line":103,"column":4},"end":{"line":124,"column":5}},"22":{"start":{"line":128,"column":0},"end":{"line":130,"column":1}}},"fnMap":{"0":{"name":"(anonymous_0)","decl":{"start":{"line":31,"column":15},"end":{"line":31,"column":16}},"loc":{"start":{"line":31,"column":24},"end":{"line":45,"column":1}},"line":31},"1":{"name":"(anonymous_1)","decl":{"start":{"line":48,"column":4},"end":{"line":48,"column":5}},"loc":{"start":{"line":48,"column":15},"end":{"line":69,"column":3}},"line":48},"2":{"name":"(anonymous_2)","decl":{"start":{"line":73,"column":4},"end":{"line":73,"column":5}},"loc":{"start":{"line":73,"column":15},"end":{"line":97,"column":3}},"line":73},"3":{"name":"(anonymous_3)","decl":{"start":{"line":101,"column":4},"end":{"line":101,"column":5}},"loc":{"start":{"line":101,"column":15},"end":{"line":125,"column":3}},"line":101}},"branchMap":{"0":{"loc":{"start":{"line":33,"column":2},"end":{"line":35,"column":3}},"type":"if","locations":[{"start":{"line":33,"column":2},"end":{"line":35,"column":3}},{"start":{"line":33,"column":2},"end":{"line":35,"column":3}}],"line":33},"1":{"loc":{"start":{"line":37,"column":2},"end":{"line":39,"column":3}},"type":"if","locations":[{"start":{"line":37,"column":2},"end":{"line":39,"column":3}},{"start":{"line":37,"column":2},"end":{"line":39,"column":3}}],"line":37},"2":{"loc":{"start":{"line":41,"column":2},"end":{"line":43,"column":3}},"type":"if","locations":[{"start":{"line":41,"column":2},"end":{"line":43,"column":3}},{"start":{"line":41,"column":2},"end":{"line":43,"column":3}}],"line":41}},"s":{"0":1,"1":1,"2":1,"3":1,"4":1,"5":5,"6":5,"7":1,"8":4,"9":1,"10":3,"11":1,"12":2,"13":1,"14":3,"15":3,"16":1,"17":1,"18":1,"19":1,"20":1,"21":1,"22":1},"f":{"0":5,"1":3,"2":1,"3":1},"b":{"0":[1,4],"1":[1,3],"2":[1,2]},"_coverageSchema":"43e27e138ebf9cfc5966b082cf9a028302ed4184","hash":"e59bede14217da9e7c6235c86a59e1f1a286bde0"}
,"/Users/joaobretanha/Documents/workspace/nave-design-system/src/Theme/Provider.js": {"path":"/Users/joaobretanha/Documents/workspace/nave-design-system/src/Theme/Provider.js","statementMap":{"0":{"start":{"line":6,"column":17},"end":{"line":8,"column":1}},"1":{"start":{"line":7,"column":2},"end":{"line":7,"column":73}},"2":{"start":{"line":10,"column":0},"end":{"line":12,"column":1}}},"fnMap":{"0":{"name":"(anonymous_0)","decl":{"start":{"line":6,"column":17},"end":{"line":6,"column":18}},"loc":{"start":{"line":6,"column":42},"end":{"line":8,"column":1}},"line":6}},"branchMap":{"0":{"loc":{"start":{"line":7,"column":31},"end":{"line":7,"column":45}},"type":"binary-expr","locations":[{"start":{"line":7,"column":31},"end":{"line":7,"column":36}},{"start":{"line":7,"column":40},"end":{"line":7,"column":45}}],"line":7}},"s":{"0":2,"1":10,"2":2},"f":{"0":10},"b":{"0":[10,10]},"_coverageSchema":"43e27e138ebf9cfc5966b082cf9a028302ed4184","hash":"7aa48e8537b9a51ca74723a68f89b530dc0d67fd"}
,"/Users/joaobretanha/Documents/workspace/nave-design-system/src/Theme/index.js": {"path":"/Users/joaobretanha/Documents/workspace/nave-design-system/src/Theme/index.js","statementMap":{},"fnMap":{},"branchMap":{},"s":{},"f":{},"b":{},"_coverageSchema":"43e27e138ebf9cfc5966b082cf9a028302ed4184","hash":"9399653d6d742a50ec3dbe2131e60d182c2455f4"}
,"/Users/joaobretanha/Documents/workspace/nave-design-system/src/Theme/styles.js": {"path":"/Users/joaobretanha/Documents/workspace/nave-design-system/src/Theme/styles.js","statementMap":{"0":{"start":{"line":1,"column":15},"end":{"line":17,"column":1}}},"fnMap":{},"branchMap":{},"s":{"0":2},"f":{},"b":{},"_coverageSchema":"43e27e138ebf9cfc5966b082cf9a028302ed4184","hash":"fa5d1804a1efe3729758ba8f2142565239bafda3"}
,"/Users/joaobretanha/Documents/workspace/nave-design-system/src/Typography/Typography.js": {"path":"/Users/joaobretanha/Documents/workspace/nave-design-system/src/Typography/Typography.js","statementMap":{"0":{"start":{"line":7,"column":18},"end":{"line":10,"column":1}},"1":{"start":{"line":8,"column":36},"end":{"line":8,"column":41}},"2":{"start":{"line":9,"column":2},"end":{"line":9,"column":48}},"3":{"start":{"line":12,"column":25},"end":{"line":23,"column":1}},"4":{"start":{"line":14,"column":68},"end":{"line":14,"column":73}},"5":{"start":{"line":15,"column":4},"end":{"line":21,"column":5}},"6":{"start":{"line":25,"column":19},"end":{"line":25,"column":59}},"7":{"start":{"line":25,"column":28},"end":{"line":25,"column":59}},"8":{"start":{"line":27,"column":0},"end":{"line":29,"column":1}},"9":{"start":{"line":31,"column":0},"end":{"line":36,"column":1}}},"fnMap":{"0":{"name":"(anonymous_0)","decl":{"start":{"line":7,"column":18},"end":{"line":7,"column":19}},"loc":{"start":{"line":7,"column":27},"end":{"line":10,"column":1}},"line":7},"1":{"name":"(anonymous_1)","decl":{"start":{"line":13,"column":4},"end":{"line":13,"column":5}},"loc":{"start":{"line":13,"column":15},"end":{"line":22,"column":3}},"line":13},"2":{"name":"(anonymous_2)","decl":{"start":{"line":25,"column":19},"end":{"line":25,"column":20}},"loc":{"start":{"line":25,"column":28},"end":{"line":25,"column":59}},"line":25}},"branchMap":{"0":{"loc":{"start":{"line":17,"column":21},"end":{"line":17,"column":43}},"type":"binary-expr","locations":[{"start":{"line":17,"column":21},"end":{"line":17,"column":31}},{"start":{"line":17,"column":35},"end":{"line":17,"column":43}}],"line":17},"1":{"loc":{"start":{"line":18,"column":15},"end":{"line":18,"column":45}},"type":"binary-expr","locations":[{"start":{"line":18,"column":15},"end":{"line":18,"column":20}},{"start":{"line":18,"column":24},"end":{"line":18,"column":45}}],"line":18},"2":{"loc":{"start":{"line":19,"column":8},"end":{"line":19,"column":49}},"type":"cond-expr","locations":[{"start":{"line":19,"column":19},"end":{"line":19,"column":44}},{"start":{"line":19,"column":47},"end":{"line":19,"column":49}}],"line":19},"3":{"loc":{"start":{"line":20,"column":8},"end":{"line":20,"column":46}},"type":"cond-expr","locations":[{"start":{"line":20,"column":26},"end":{"line":20,"column":41}},{"start":{"line":20,"column":44},"end":{"line":20,"column":46}}],"line":20}},"s":{"0":1,"1":0,"2":0,"3":1,"4":5,"5":5,"6":1,"7":5,"8":1,"9":1},"f":{"0":0,"1":5,"2":5},"b":{"0":[5,5],"1":[5,4],"2":[1,4],"3":[0,5]},"_coverageSchema":"43e27e138ebf9cfc5966b082cf9a028302ed4184","hash":"83e525925704fa4c67102ec272c8b94b6f251d97"}
,"/Users/joaobretanha/Documents/workspace/nave-design-system/src/helpers/modifiers.js": {"path":"/Users/joaobretanha/Documents/workspace/nave-design-system/src/helpers/modifiers.js","statementMap":{"0":{"start":{"line":2,"column":2},"end":{"line":2,"column":23}},"1":{"start":{"line":2,"column":14},"end":{"line":2,"column":23}},"2":{"start":{"line":3,"column":59},"end":{"line":3,"column":64}},"3":{"start":{"line":4,"column":20},"end":{"line":6,"column":3}},"4":{"start":{"line":8,"column":17},"end":{"line":8,"column":72}},"5":{"start":{"line":8,"column":66},"end":{"line":8,"column":71}},"6":{"start":{"line":10,"column":2},"end":{"line":14,"column":3}},"7":{"start":{"line":12,"column":4},"end":{"line":12,"column":37}},"8":{"start":{"line":17,"column":23},"end":{"line":30,"column":1}},"9":{"start":{"line":18,"column":15},"end":{"line":18,"column":63}},"10":{"start":{"line":19,"column":15},"end":{"line":19,"column":63}},"11":{"start":{"line":20,"column":15},"end":{"line":20,"column":38}},"12":{"start":{"line":21,"column":15},"end":{"line":21,"column":41}},"13":{"start":{"line":22,"column":15},"end":{"line":22,"column":39}},"14":{"start":{"line":23,"column":15},"end":{"line":23,"column":40}},"15":{"start":{"line":24,"column":15},"end":{"line":24,"column":65}},"16":{"start":{"line":25,"column":15},"end":{"line":25,"column":65}},"17":{"start":{"line":26,"column":15},"end":{"line":26,"column":39}},"18":{"start":{"line":27,"column":15},"end":{"line":27,"column":42}},"19":{"start":{"line":28,"column":15},"end":{"line":28,"column":41}},"20":{"start":{"line":29,"column":15},"end":{"line":29,"column":40}}},"fnMap":{"0":{"name":"(anonymous_0)","decl":{"start":{"line":1,"column":15},"end":{"line":1,"column":16}},"loc":{"start":{"line":1,"column":26},"end":{"line":15,"column":1}},"line":1},"1":{"name":"(anonymous_1)","decl":{"start":{"line":8,"column":50},"end":{"line":8,"column":51}},"loc":{"start":{"line":8,"column":66},"end":{"line":8,"column":71}},"line":8},"2":{"name":"(anonymous_2)","decl":{"start":{"line":11,"column":17},"end":{"line":11,"column":18}},"loc":{"start":{"line":11,"column":35},"end":{"line":13,"column":3}},"line":11},"3":{"name":"(anonymous_3)","decl":{"start":{"line":18,"column":6},"end":{"line":18,"column":7}},"loc":{"start":{"line":18,"column":15},"end":{"line":18,"column":63}},"line":18},"4":{"name":"(anonymous_4)","decl":{"start":{"line":19,"column":6},"end":{"line":19,"column":7}},"loc":{"start":{"line":19,"column":15},"end":{"line":19,"column":63}},"line":19},"5":{"name":"(anonymous_5)","decl":{"start":{"line":20,"column":6},"end":{"line":20,"column":7}},"loc":{"start":{"line":20,"column":15},"end":{"line":20,"column":38}},"line":20},"6":{"name":"(anonymous_6)","decl":{"start":{"line":21,"column":6},"end":{"line":21,"column":7}},"loc":{"start":{"line":21,"column":15},"end":{"line":21,"column":41}},"line":21},"7":{"name":"(anonymous_7)","decl":{"start":{"line":22,"column":6},"end":{"line":22,"column":7}},"loc":{"start":{"line":22,"column":15},"end":{"line":22,"column":39}},"line":22},"8":{"name":"(anonymous_8)","decl":{"start":{"line":23,"column":6},"end":{"line":23,"column":7}},"loc":{"start":{"line":23,"column":15},"end":{"line":23,"column":40}},"line":23},"9":{"name":"(anonymous_9)","decl":{"start":{"line":24,"column":6},"end":{"line":24,"column":7}},"loc":{"start":{"line":24,"column":15},"end":{"line":24,"column":65}},"line":24},"10":{"name":"(anonymous_10)","decl":{"start":{"line":25,"column":6},"end":{"line":25,"column":7}},"loc":{"start":{"line":25,"column":15},"end":{"line":25,"column":65}},"line":25},"11":{"name":"(anonymous_11)","decl":{"start":{"line":26,"column":6},"end":{"line":26,"column":7}},"loc":{"start":{"line":26,"column":15},"end":{"line":26,"column":39}},"line":26},"12":{"name":"(anonymous_12)","decl":{"start":{"line":27,"column":6},"end":{"line":27,"column":7}},"loc":{"start":{"line":27,"column":15},"end":{"line":27,"column":42}},"line":27},"13":{"name":"(anonymous_13)","decl":{"start":{"line":28,"column":6},"end":{"line":28,"column":7}},"loc":{"start":{"line":28,"column":15},"end":{"line":28,"column":41}},"line":28},"14":{"name":"(anonymous_14)","decl":{"start":{"line":29,"column":6},"end":{"line":29,"column":7}},"loc":{"start":{"line":29,"column":15},"end":{"line":29,"column":40}},"line":29}},"branchMap":{"0":{"loc":{"start":{"line":2,"column":2},"end":{"line":2,"column":23}},"type":"if","locations":[{"start":{"line":2,"column":2},"end":{"line":2,"column":23}},{"start":{"line":2,"column":2},"end":{"line":2,"column":23}}],"line":2}},"s":{"0":11,"1":1,"2":10,"3":10,"4":10,"5":120,"6":10,"7":0,"8":3,"9":0,"10":0,"11":0,"12":0,"13":0,"14":0,"15":0,"16":0,"17":0,"18":0,"19":0,"20":0},"f":{"0":11,"1":120,"2":0,"3":0,"4":0,"5":0,"6":0,"7":0,"8":0,"9":0,"10":0,"11":0,"12":0,"13":0,"14":0},"b":{"0":[1,10]},"_coverageSchema":"43e27e138ebf9cfc5966b082cf9a028302ed4184","hash":"6409feb63aaa283ff6dec7fdd1f7220227f0d4cf"}
}
