{"/Users/joaobretanha/Documents/workspace/nave-design-system/helpers/testTheme.js": {"path":"/Users/joaobretanha/Documents/workspace/nave-design-system/helpers/testTheme.js","statementMap":{"0":{"start":{"line":9,"column":2},"end":{"line":13,"column":3}}},"fnMap":{"0":{"name":"renderWithTheme","decl":{"start":{"line":8,"column":16},"end":{"line":8,"column":31}},"loc":{"start":{"line":8,"column":43},"end":{"line":14,"column":1}},"line":8}},"branchMap":{},"s":{"0":1},"f":{"0":1},"b":{},"_coverageSchema":"43e27e138ebf9cfc5966b082cf9a028302ed4184","hash":"cd5cb8edf9845ccd401137470bf33ad709d4ae90"}
,"/Users/joaobretanha/Documents/workspace/nave-design-system/src/Typography/Typography.js": {"path":"/Users/joaobretanha/Documents/workspace/nave-design-system/src/Typography/Typography.js","statementMap":{"0":{"start":{"line":5,"column":18},"end":{"line":8,"column":1}},"1":{"start":{"line":6,"column":36},"end":{"line":6,"column":41}},"2":{"start":{"line":7,"column":2},"end":{"line":7,"column":48}},"3":{"start":{"line":10,"column":19},"end":{"line":19,"column":1}},"4":{"start":{"line":12,"column":4},"end":{"line":17,"column":5}},"5":{"start":{"line":21,"column":0},"end":{"line":23,"column":1}},"6":{"start":{"line":25,"column":0},"end":{"line":30,"column":1}}},"fnMap":{"0":{"name":"(anonymous_0)","decl":{"start":{"line":5,"column":18},"end":{"line":5,"column":19}},"loc":{"start":{"line":5,"column":27},"end":{"line":8,"column":1}},"line":5},"1":{"name":"(anonymous_1)","decl":{"start":{"line":11,"column":4},"end":{"line":11,"column":5}},"loc":{"start":{"line":11,"column":65},"end":{"line":18,"column":3}},"line":11}},"branchMap":{"0":{"loc":{"start":{"line":13,"column":21},"end":{"line":13,"column":43}},"type":"binary-expr","locations":[{"start":{"line":13,"column":21},"end":{"line":13,"column":31}},{"start":{"line":13,"column":35},"end":{"line":13,"column":43}}],"line":13},"1":{"loc":{"start":{"line":14,"column":15},"end":{"line":14,"column":45}},"type":"binary-expr","locations":[{"start":{"line":14,"column":15},"end":{"line":14,"column":20}},{"start":{"line":14,"column":24},"end":{"line":14,"column":45}}],"line":14},"2":{"loc":{"start":{"line":15,"column":8},"end":{"line":15,"column":49}},"type":"cond-expr","locations":[{"start":{"line":15,"column":19},"end":{"line":15,"column":44}},{"start":{"line":15,"column":47},"end":{"line":15,"column":49}}],"line":15},"3":{"loc":{"start":{"line":16,"column":8},"end":{"line":16,"column":46}},"type":"cond-expr","locations":[{"start":{"line":16,"column":26},"end":{"line":16,"column":41}},{"start":{"line":16,"column":44},"end":{"line":16,"column":46}}],"line":16}},"s":{"0":1,"1":0,"2":0,"3":1,"4":1,"5":1,"6":1},"f":{"0":0,"1":1},"b":{"0":[1,1],"1":[1,1],"2":[1,0],"3":[0,1]},"_coverageSchema":"43e27e138ebf9cfc5966b082cf9a028302ed4184","hash":"3ce464587888f0ecc704f26716a50d445cc33770"}
}
