TN:
SF:/Users/joaobretanha/Documents/workspace/nave-design-system/helpers/testTheme.js
FN:8,renderWithTheme
FNF:1
FNH:1
FNDA:1,renderWithTheme
DA:9,1
LF:1
LH:1
BRF:0
BRH:0
end_of_record
TN:
SF:/Users/joaobretanha/Documents/workspace/nave-design-system/src/Typography/Typography.js
FN:5,(anonymous_0)
FN:11,(anonymous_1)
FNF:2
FNH:1
FNDA:0,(anonymous_0)
FNDA:1,(anonymous_1)
DA:5,1
DA:6,0
DA:7,0
DA:10,1
DA:12,1
DA:21,1
DA:25,1
LF:7
LH:5
BRDA:13,0,0,1
BRDA:13,0,1,1
BRDA:14,1,0,1
BRDA:14,1,1,1
BRDA:15,2,0,1
BRDA:15,2,1,0
BRDA:16,3,0,0
BRDA:16,3,1,1
BRF:8
BRH:6
end_of_record
