TN:
SF:/Users/joaobretanha/Documents/workspace/nave-kit/helpers/testTheme.js
FN:8,renderWithTheme
FNF:1
FNH:1
FNDA:10,renderWithTheme
DA:9,10
LF:1
LH:1
BRF:0
BRH:0
end_of_record
TN:
SF:/Users/joaobretanha/Documents/workspace/nave-kit/src/Button/Button.js
FN:31,(anonymous_0)
FN:48,(anonymous_1)
FN:72,(anonymous_2)
FN:99,(anonymous_3)
FNF:4
FNH:4
FNDA:5,(anonymous_0)
FNDA:3,(anonymous_1)
FNDA:1,(anonymous_2)
FNDA:1,(anonymous_3)
DA:7,1
DA:9,1
DA:11,1
DA:13,1
DA:31,1
DA:32,5
DA:33,5
DA:34,1
DA:37,4
DA:38,1
DA:41,3
DA:42,1
DA:44,2
DA:47,1
DA:49,3
DA:50,3
DA:71,1
DA:73,1
DA:74,1
DA:98,1
DA:100,1
DA:101,1
DA:125,1
LF:23
LH:23
BRDA:33,0,0,1
BRDA:33,0,1,4
BRDA:37,1,0,1
BRDA:37,1,1,3
BRDA:41,2,0,1
BRDA:41,2,1,2
BRF:6
BRH:6
end_of_record
TN:
SF:/Users/joaobretanha/Documents/workspace/nave-kit/src/Theme/Provider.js
FN:6,(anonymous_0)
FNF:1
FNH:1
FNDA:10,(anonymous_0)
DA:6,2
DA:7,10
DA:10,2
LF:3
LH:3
BRDA:7,0,0,10
BRDA:7,0,1,10
BRF:2
BRH:2
end_of_record
TN:
SF:/Users/joaobretanha/Documents/workspace/nave-kit/src/Theme/index.js
FNF:0
FNH:0
LF:0
LH:0
BRF:0
BRH:0
end_of_record
TN:
SF:/Users/joaobretanha/Documents/workspace/nave-kit/src/Theme/styles.js
FNF:0
FNH:0
DA:1,2
LF:1
LH:1
BRF:0
BRH:0
end_of_record
TN:
SF:/Users/joaobretanha/Documents/workspace/nave-kit/src/Typography/Typography.js
FN:7,(anonymous_0)
FN:13,(anonymous_1)
FN:24,(anonymous_2)
FNF:3
FNH:2
FNDA:0,(anonymous_0)
FNDA:5,(anonymous_1)
FNDA:5,(anonymous_2)
DA:7,1
DA:8,0
DA:9,0
DA:12,1
DA:14,5
DA:15,5
DA:24,5
DA:26,1
DA:30,1
LF:9
LH:7
BRDA:17,0,0,5
BRDA:17,0,1,5
BRDA:18,1,0,5
BRDA:18,1,1,4
BRDA:19,2,0,1
BRDA:19,2,1,4
BRF:6
BRH:6
end_of_record
TN:
SF:/Users/joaobretanha/Documents/workspace/nave-kit/src/helpers/modifiers.js
FN:1,(anonymous_0)
FN:21,(anonymous_1)
FN:23,(anonymous_2)
FN:31,(anonymous_3)
FN:32,(anonymous_4)
FN:33,(anonymous_5)
FN:34,(anonymous_6)
FN:35,(anonymous_7)
FN:36,(anonymous_8)
FN:37,(anonymous_9)
FN:38,(anonymous_10)
FN:39,(anonymous_11)
FN:40,(anonymous_12)
FN:41,(anonymous_13)
FN:42,(anonymous_14)
FN:43,(anonymous_15)
FN:44,(anonymous_16)
FNF:17
FNH:2
FNDA:11,(anonymous_0)
FNDA:140,(anonymous_1)
FNDA:0,(anonymous_2)
FNDA:0,(anonymous_3)
FNDA:0,(anonymous_4)
FNDA:0,(anonymous_5)
FNDA:0,(anonymous_6)
FNDA:0,(anonymous_7)
FNDA:0,(anonymous_8)
FNDA:0,(anonymous_9)
FNDA:0,(anonymous_10)
FNDA:0,(anonymous_11)
FNDA:0,(anonymous_12)
FNDA:0,(anonymous_13)
FNDA:0,(anonymous_14)
FNDA:0,(anonymous_15)
FNDA:0,(anonymous_16)
DA:2,11
DA:3,10
DA:4,10
DA:21,140
DA:22,10
DA:24,0
DA:27,10
DA:30,3
DA:31,0
DA:32,0
DA:33,0
DA:34,0
DA:35,0
DA:36,0
DA:37,0
DA:38,0
DA:39,0
DA:40,0
DA:41,0
DA:42,0
DA:43,0
DA:44,0
LF:22
LH:7
BRDA:2,0,0,1
BRDA:2,0,1,10
BRF:2
BRH:2
end_of_record
